<?xml version="1.0" encoding="UTF-8"?>
<!-- Generated by org.testng.reporters.JUnitXMLReporter -->
<testsuite ignored="1" hostname="ETV-STREAM-PC-2" failures="0" tests="1" name="Default test" time="4.147" errors="0" timestamp="2022-09-29T06:12:51 WAT">
  <testcase classname="com.herokuapp.restfulbooker.CreateBookingsTests" name="creatBookingswithPOJO" time="3.467"/>
  <testcase classname="com.herokuapp.restfulbooker.CreateBookingsTests" name="createBookingsTests" time="0.0">
    <ignored/>
  </testcase> <!-- createBookingsTests -->
</testsuite> <!-- Default test -->
