<?xml version="1.0" encoding="UTF-8"?>
<!-- Generated by org.testng.reporters.JUnitXMLReporter -->
<testsuite ignored="0" hostname="ETV-STREAM-PC-2" failures="0" tests="2" name="Default test" time="9.152" errors="0" timestamp="2022-09-29T04:55:36 WAT">
  <testcase classname="com.herokuapp.restfulbooker.GetBookingTests" name="getBookingsIDWIthFilterExerciseTest" time="5.452"/>
  <testcase classname="com.herokuapp.restfulbooker.GetBookingTests" name="getBookingsID_UsingXMlTests" time="2.996"/>
</testsuite> <!-- Default test -->
