<?xml version="1.0" encoding="UTF-8"?>
<testng-results ignored="0" total="1" passed="1" failed="0" skipped="0">
  <reporter-output>
  </reporter-output>
  <suite started-at="2022-09-28T23:16:20 WAT" name="Default suite" finished-at="2022-09-28T23:16:26 WAT" duration-ms="5907">
    <groups>
    </groups>
    <test started-at="2022-09-28T23:16:20 WAT" name="Default test" finished-at="2022-09-28T23:16:26 WAT" duration-ms="5907">
      <class name="com.herokuapp.restfulbooker.UpdateBookingTests">
        <test-method is-config="true" signature="setUp()[pri:0, instance:com.herokuapp.restfulbooker.UpdateBookingTests@2f7c2f4f]" started-at="2022-09-28T23:16:20 WAT" name="setUp" finished-at="2022-09-28T23:16:21 WAT" duration-ms="632" status="PASS">
          <reporter-output>
          </reporter-output>
        </test-method> <!-- setUp -->
        <test-method signature="updateBookingTests()[pri:0, instance:com.herokuapp.restfulbooker.UpdateBookingTests@2f7c2f4f]" started-at="2022-09-28T23:16:21 WAT" name="updateBookingTests" finished-at="2022-09-28T23:16:26 WAT" duration-ms="5216" status="PASS">
          <reporter-output>
          </reporter-output>
        </test-method> <!-- updateBookingTests -->
      </class> <!-- com.herokuapp.restfulbooker.UpdateBookingTests -->
    </test> <!-- Default test -->
  </suite> <!-- Default suite -->
</testng-results>
